INFO:root:Starting on device: cuda:0
INFO:root:Config: Namespace(dataset='cora', model='Transformer', custom_masks=True, original_edges=1, original_edges_weight=1.0, k_eigenvector=10, drop=0.5, run_times=1, num_heads=4, epochs=2000, lr=0.001, dims=16, out_size=16, k_hop=1, num_layers=2, k_transition=6, run_times_fine=500, percent=10, output_path='outputs/', file_name='brazil_10.xlsx', index_excel=-1, device='cuda:0', pre_load=1, alfa=0.5, beta=0.5, task='pre_training') 
INFO:root: - Converting graph to dict...
INFO:root:Graph converted.
INFO:root:Graph - Number of vertices: 2708
INFO:root:Graph - Number of edges: 5278.0
INFO:root:Creating degree vectors...
INFO:root:Degree vectors created.
INFO:root:Saving degree vectors...
INFO:root:Saving variable on disk...
INFO:root:Variable saved. Time: 0.0m
INFO:root:Using compactDegree: True
INFO:root:Split degree List...
INFO:root:degreeList 1 completed.
INFO:root:degreeList 2 completed.
INFO:root:degreeList 3 completed.
INFO:root:degreeList 4 completed.
INFO:root:Executing part 1...
INFO:root:Executing part 2...
INFO:root:Executing part 3...
INFO:root:Executing part 4...
INFO:root:Receiving results...
INFO:root:Part 4 completed.
INFO:root:Part 1 completed.
INFO:root:Part 2 completed.
INFO:root:Part 3 completed.
